# JRE version: Java(TM) SE Runtime Environment (23.0.1+11) (build 23.0.1+11-39)
# Java VM: Java HotSpot(TM) 64-Bit Server VM (23.0.1+11-39, mixed mode, sharing, tiered, compressed oops, compressed class ptrs, g1 gc, windows-amd64)
GC Precious Log:
 CardTable entry size: 512
 Card Set container configuration: InlinePtr #cards 5 size 8 Array Of Cards #cards 10 size 36 Howl #buckets 4 coarsen threshold 1843 Howl Bitmap #cards 512 size 80 coarsen threshold 460 Card regions per heap region 1 cards per card region 2048
 CPUs: 6 total, 6 available
 Memory: 16229M
 Large Page Support: Disabled
 NUMA Support: Disabled
 Compressed Oops: Enabled (32-bit)
 Heap Region Size: 1M
 Heap Min Capacity: 8M
 Heap Initial Capacity: 254M
 Heap Max Capacity: 2G
 Pre-touch: Disabled
 Parallel Workers: 6
 Concurrent Workers: 2
 Concurrent Refinement Workers: 6
 Periodic GC: Disabled
Heap:
 garbage-first heap   total reserved 2097152K, committed 394240K, used 263117K [0x0000000080000000, 0x0000000100000000)
  region size 1024K, 22 young (22528K), 7 survivors (7168K)
 Metaspace       used 119988K, committed 122944K, reserved 557056K
  class space    used 17310K, committed 18688K, reserved 425984K
GC Heap History (20 events):
Event: 20.445 GC heap before
{Heap before GC invocations=65 (full 0):
 garbage-first heap   total reserved 2097152K, committed 286720K, used 234820K [0x0000000080000000, 0x0000000100000000)
  region size 1024K, 68 young (69632K), 5 survivors (5120K)
 Metaspace       used 113151K, committed 116032K, reserved 557056K
  class space    used 16299K, committed 17664K, reserved 425984K
}
Event: 20.452 GC heap after
{Heap after GC invocations=66 (full 0):
 garbage-first heap   total reserved 2097152K, committed 286720K, used 181398K [0x0000000080000000, 0x0000000100000000)
  region size 1024K, 9 young (9216K), 9 survivors (9216K)
 Metaspace       used 113151K, committed 116032K, reserved 557056K
  class space    used 16299K, committed 17664K, reserved 425984K
}
Event: 20.665 GC heap before
{Heap before GC invocations=66 (full 0):
 garbage-first heap   total reserved 2097152K, committed 286720K, used 250006K [0x0000000080000000, 0x0000000100000000)
  region size 1024K, 77 young (78848K), 9 survivors (9216K)
 Metaspace       used 113151K, committed 116032K, reserved 557056K
  class space    used 16299K, committed 17664K, reserved 425984K
}
Event: 20.671 GC heap after
{Heap after GC invocations=67 (full 0):
 garbage-first heap   total reserved 2097152K, committed 344064K, used 183525K [0x0000000080000000, 0x0000000100000000)
  region size 1024K, 5 young (5120K), 5 survivors (5120K)
 Metaspace       used 113151K, committed 116032K, reserved 557056K
  class space    used 16299K, committed 17664K, reserved 425984K
}
Event: 21.358 GC heap before
{Heap before GC invocations=67 (full 0):
 garbage-first heap   total reserved 2097152K, committed 344064K, used 284901K [0x0000000080000000, 0x0000000100000000)
  region size 1024K, 101 young (103424K), 5 survivors (5120K)
 Metaspace       used 113344K, committed 116224K, reserved 557056K
  class space    used 16318K, committed 17664K, reserved 425984K
}
Event: 21.365 GC heap after
{Heap after GC invocations=68 (full 0):
 garbage-first heap   total reserved 2097152K, committed 344064K, used 197632K [0x0000000080000000, 0x0000000100000000)
  region size 1024K, 13 young (13312K), 13 survivors (13312K)
 Metaspace       used 113344K, committed 116224K, reserved 557056K
  class space    used 16318K, committed 17664K, reserved 425984K
}
Event: 21.567 GC heap before
{Heap before GC invocations=68 (full 0):
 garbage-first heap   total reserved 2097152K, committed 344064K, used 289792K [0x0000000080000000, 0x0000000100000000)
  region size 1024K, 104 young (106496K), 13 survivors (13312K)
 Metaspace       used 113352K, committed 116224K, reserved 557056K
  class space    used 16318K, committed 17664K, reserved 425984K
}
Event: 21.572 GC heap after
{Heap after GC invocations=69 (full 0):
 garbage-first heap   total reserved 2097152K, committed 344064K, used 200798K [0x0000000080000000, 0x0000000100000000)
  region size 1024K, 5 young (5120K), 5 survivors (5120K)
 Metaspace       used 113352K, committed 116224K, reserved 557056K
  class space    used 16318K, committed 17664K, reserved 425984K
}
Event: 22.334 GC heap before
{Heap before GC invocations=69 (full 0):
 garbage-first heap   total reserved 2097152K, committed 344064K, used 301150K [0x0000000080000000, 0x0000000100000000)
  region size 1024K, 100 young (102400K), 5 survivors (5120K)
 Metaspace       used 114866K, committed 117760K, reserved 557056K
  class space    used 16568K, committed 17920K, reserved 425984K
}
Event: 22.342 GC heap after
{Heap after GC invocations=70 (full 0):
 garbage-first heap   total reserved 2097152K, committed 344064K, used 215040K [0x0000000080000000, 0x0000000100000000)
  region size 1024K, 13 young (13312K), 13 survivors (13312K)
 Metaspace       used 114866K, committed 117760K, reserved 557056K
  class space    used 16568K, committed 17920K, reserved 425984K
}
Event: 22.970 GC heap before
{Heap before GC invocations=70 (full 0):
 garbage-first heap   total reserved 2097152K, committed 344064K, used 303104K [0x0000000080000000, 0x0000000100000000)
  region size 1024K, 99 young (101376K), 13 survivors (13312K)
 Metaspace       used 118768K, committed 121728K, reserved 557056K
  class space    used 17140K, committed 18496K, reserved 425984K
}
Event: 22.977 GC heap after
{Heap after GC invocations=71 (full 0):
 garbage-first heap   total reserved 2097152K, committed 344064K, used 221741K [0x0000000080000000, 0x0000000100000000)
  region size 1024K, 6 young (6144K), 6 survivors (6144K)
 Metaspace       used 118768K, committed 121728K, reserved 557056K
  class space    used 17140K, committed 18496K, reserved 425984K
}
Event: 23.466 GC heap before
{Heap before GC invocations=71 (full 0):
 garbage-first heap   total reserved 2097152K, committed 344064K, used 309805K [0x0000000080000000, 0x0000000100000000)
  region size 1024K, 92 young (94208K), 6 survivors (6144K)
 Metaspace       used 119734K, committed 122688K, reserved 557056K
  class space    used 17280K, committed 18624K, reserved 425984K
}
Event: 23.474 GC heap after
{Heap after GC invocations=72 (full 0):
 garbage-first heap   total reserved 2097152K, committed 344064K, used 235791K [0x0000000080000000, 0x0000000100000000)
  region size 1024K, 12 young (12288K), 12 survivors (12288K)
 Metaspace       used 119734K, committed 122688K, reserved 557056K
  class space    used 17280K, committed 18624K, reserved 425984K
}
Event: 23.854 GC heap before
{Heap before GC invocations=73 (full 0):
 garbage-first heap   total reserved 2097152K, committed 394240K, used 309519K [0x0000000080000000, 0x0000000100000000)
  region size 1024K, 85 young (87040K), 12 survivors (12288K)
 Metaspace       used 119815K, committed 122752K, reserved 557056K
  class space    used 17289K, committed 18624K, reserved 425984K
}
Event: 23.867 GC heap after
{Heap after GC invocations=74 (full 0):
 garbage-first heap   total reserved 2097152K, committed 394240K, used 246714K [0x0000000080000000, 0x0000000100000000)
  region size 1024K, 10 young (10240K), 10 survivors (10240K)
 Metaspace       used 119815K, committed 122752K, reserved 557056K
  class space    used 17289K, committed 18624K, reserved 425984K
}
Event: 24.155 GC heap before
{Heap before GC invocations=74 (full 0):
 garbage-first heap   total reserved 2097152K, committed 394240K, used 351162K [0x0000000080000000, 0x0000000100000000)
  region size 1024K, 112 young (114688K), 10 survivors (10240K)
 Metaspace       used 119876K, committed 122880K, reserved 557056K
  class space    used 17298K, committed 18688K, reserved 425984K
}
Event: 24.161 GC heap after
{Heap after GC invocations=75 (full 0):
 garbage-first heap   total reserved 2097152K, committed 394240K, used 246746K [0x0000000080000000, 0x0000000100000000)
  region size 1024K, 6 young (6144K), 6 survivors (6144K)
 Metaspace       used 119876K, committed 122880K, reserved 557056K
  class space    used 17298K, committed 18688K, reserved 425984K
}
Event: 24.166 GC heap before
{Heap before GC invocations=75 (full 0):
 garbage-first heap   total reserved 2097152K, committed 394240K, used 247770K [0x0000000080000000, 0x0000000100000000)
  region size 1024K, 8 young (8192K), 6 survivors (6144K)
 Metaspace       used 119876K, committed 122880K, reserved 557056K
  class space    used 17298K, committed 18688K, reserved 425984K
}
Event: 24.169 GC heap after
{Heap after GC invocations=76 (full 0):
 garbage-first heap   total reserved 2097152K, committed 394240K, used 247757K [0x0000000080000000, 0x0000000100000000)
  region size 1024K, 7 young (7168K), 7 survivors (7168K)
 Metaspace       used 119876K, committed 122880K, reserved 557056K
  class space    used 17298K, committed 18688K, reserved 425984K
}

